<?xml version="1.0" encoding="UTF-8"?>
<testng-results skipped="0" failed="0" ignored="0" total="1" passed="1">
  <reporter-output>
  </reporter-output>
  <suite name="FREE CRM Application Test Suite" duration-ms="17153" started-at="2019-06-10T13:44:52Z" finished-at="2019-06-10T13:45:09Z">
    <groups>
    </groups>
    <test name="Free CRM App Test Cases" duration-ms="17153" started-at="2019-06-10T13:44:52Z" finished-at="2019-06-10T13:45:09Z">
      <class name="com.crm.testcases.LandingPageTest">
        <test-method status="PASS" signature="setUp()[pri:0, instance:com.crm.testcases.LandingPageTest@553f17c]" name="setUp" is-config="true" duration-ms="16338" started-at="2019-06-10T13:44:52Z" finished-at="2019-06-10T13:45:09Z">
          <reporter-output>
          </reporter-output>
        </test-method> <!-- setUp -->
        <test-method status="PASS" signature="testParameter(java.lang.String)[pri:0, instance:com.crm.testcases.LandingPageTest@553f17c]" name="testParameter" duration-ms="6" started-at="2019-06-10T13:45:09Z" finished-at="2019-06-10T13:45:09Z">
          <params>
            <param index="0">
              <value>
                <![CDATA[Hello!! It me!!]]>
              </value>
            </param>
          </params>
          <reporter-output>
          </reporter-output>
        </test-method> <!-- testParameter -->
        <test-method status="PASS" signature="tearDown()[pri:0, instance:com.crm.testcases.LandingPageTest@553f17c]" name="tearDown" is-config="true" duration-ms="778" started-at="2019-06-10T13:45:09Z" finished-at="2019-06-10T13:45:09Z">
          <reporter-output>
          </reporter-output>
        </test-method> <!-- tearDown -->
      </class> <!-- com.crm.testcases.LandingPageTest -->
    </test> <!-- Free CRM App Test Cases -->
  </suite> <!-- FREE CRM Application Test Suite -->
</testng-results>
